[ 2015-06-17T00:38:27+08:00 ] 127.0.0.1 /weread/index.php/Index/register/error/your.html
INFO: [ app_init ] --START--
INFO: Run Behavior\BuildLiteBehavior [ RunTime:0.000010s ]
INFO: [ app_init ] --END-- [ RunTime:0.000071s ]
ERR: 无法加载模块:Index

[ 2015-06-17T00:38:48+08:00 ] 127.0.0.1 /weread/index.php/Index/register/
INFO: [ app_init ] --START--
INFO: Run Behavior\BuildLiteBehavior [ RunTime:0.000034s ]
INFO: [ app_init ] --END-- [ RunTime:0.000271s ]
ERR: 无法加载模块:Index

[ 2015-06-17T00:38:51+08:00 ] 127.0.0.1 /weread/index.php/Index/register/
INFO: [ app_init ] --START--
INFO: Run Behavior\BuildLiteBehavior [ RunTime:0.000012s ]
INFO: [ app_init ] --END-- [ RunTime:0.000081s ]
ERR: 无法加载模块:Index

[ 2015-06-17T00:39:19+08:00 ] 127.0.0.1 /weread/index.php/Index/register/
INFO: [ app_init ] --START--
INFO: Run Behavior\BuildLiteBehavior [ RunTime:0.000052s ]
INFO: [ app_init ] --END-- [ RunTime:0.000404s ]
ERR: 无法加载模块:Index

[ 2015-06-17T00:40:08+08:00 ] 127.0.0.1 /weread/index.php/Index/register/error/no
INFO: [ app_init ] --START--
INFO: Run Behavior\BuildLiteBehavior [ RunTime:0.000035s ]
INFO: [ app_init ] --END-- [ RunTime:0.000273s ]
ERR: 无法加载模块:Index

[ 2015-06-17T00:40:28+08:00 ] 127.0.0.1 /weread/index.php/Index/login
INFO: [ app_init ] --START--
INFO: Run Behavior\BuildLiteBehavior [ RunTime:0.000033s ]
INFO: [ app_init ] --END-- [ RunTime:0.000268s ]
ERR: 无法加载模块:Index

[ 2015-06-17T00:40:38+08:00 ] 127.0.0.1 /weread/index.php/Index/comments
INFO: [ app_init ] --START--
INFO: Run Behavior\BuildLiteBehavior [ RunTime:0.000029s ]
INFO: [ app_init ] --END-- [ RunTime:0.000209s ]
ERR: 无法加载模块:Index

[ 2015-06-17T00:41:05+08:00 ] 127.0.0.1 /weread/index.php/Index/comments
INFO: [ app_init ] --START--
INFO: Run Behavior\BuildLiteBehavior [ RunTime:0.000012s ]
INFO: [ app_init ] --END-- [ RunTime:0.000077s ]
ERR: 无法加载模块:Index

[ 2015-06-17T00:41:52+08:00 ] 127.0.0.1 /weread/index.php/Index/register/error/your.html
INFO: [ app_init ] --START--
INFO: Run Behavior\BuildLiteBehavior [ RunTime:0.000016s ]
INFO: [ app_init ] --END-- [ RunTime:0.000104s ]
ERR: 无法加载模块:Index

[ 2015-06-17T00:42:22+08:00 ] 127.0.0.1 /weread/index.php/Index/register/error/your.html
INFO: [ app_init ] --START--
INFO: Run Behavior\BuildLiteBehavior [ RunTime:0.000018s ]
INFO: [ app_init ] --END-- [ RunTime:0.000109s ]
ERR: 无法加载模块:Index

[ 2015-06-17T00:42:33+08:00 ] 127.0.0.1 /weread/index.php/Index/register/error/your.html
INFO: [ app_init ] --START--
INFO: Run Behavior\BuildLiteBehavior [ RunTime:0.000051s ]
INFO: [ app_init ] --END-- [ RunTime:0.000384s ]
ERR: 无法加载模块:Index

[ 2015-06-17T00:42:39+08:00 ] 127.0.0.1 /weread/index.php/Index/register/error/your.html
INFO: [ app_init ] --START--
INFO: Run Behavior\BuildLiteBehavior [ RunTime:0.000021s ]
INFO: [ app_init ] --END-- [ RunTime:0.000155s ]
ERR: 无法加载模块:Index

[ 2015-06-17T00:42:39+08:00 ] 127.0.0.1 /weread/index.php/Index/register/error/your.html
INFO: [ app_init ] --START--
INFO: Run Behavior\BuildLiteBehavior [ RunTime:0.000017s ]
INFO: [ app_init ] --END-- [ RunTime:0.000106s ]
ERR: 无法加载模块:Index

[ 2015-06-17T00:42:39+08:00 ] 127.0.0.1 /weread/index.php/Index/register/error/your.html
INFO: [ app_init ] --START--
INFO: Run Behavior\BuildLiteBehavior [ RunTime:0.000012s ]
INFO: [ app_init ] --END-- [ RunTime:0.000076s ]
ERR: 无法加载模块:Index

[ 2015-06-17T00:42:39+08:00 ] 127.0.0.1 /weread/index.php/Index/register/error/your.html
INFO: [ app_init ] --START--
INFO: Run Behavior\BuildLiteBehavior [ RunTime:0.000023s ]
INFO: [ app_init ] --END-- [ RunTime:0.000156s ]
ERR: 无法加载模块:Index

[ 2015-06-17T00:42:39+08:00 ] 127.0.0.1 /weread/index.php/Index/register/error/your.html
INFO: [ app_init ] --START--
INFO: Run Behavior\BuildLiteBehavior [ RunTime:0.000045s ]
INFO: [ app_init ] --END-- [ RunTime:0.000301s ]
ERR: 无法加载模块:Index

[ 2015-06-17T00:42:39+08:00 ] 127.0.0.1 /weread/index.php/Index/register/error/your.html
INFO: [ app_init ] --START--
INFO: Run Behavior\BuildLiteBehavior [ RunTime:0.000012s ]
INFO: [ app_init ] --END-- [ RunTime:0.000088s ]
ERR: 无法加载模块:Index

[ 2015-06-17T00:42:40+08:00 ] 127.0.0.1 /weread/index.php/Index/register/error/your.html
INFO: [ app_init ] --START--
INFO: Run Behavior\BuildLiteBehavior [ RunTime:0.000020s ]
INFO: [ app_init ] --END-- [ RunTime:0.000129s ]
ERR: 无法加载模块:Index

[ 2015-06-17T00:43:31+08:00 ] 127.0.0.1 /weread/index.php/Index/register/error/your.html
INFO: [ app_init ] --START--
INFO: Run Behavior\BuildLiteBehavior [ RunTime:0.000232s ]
INFO: [ app_init ] --END-- [ RunTime:0.000408s ]
ERR: 无法加载模块:Index

[ 2015-06-17T00:43:47+08:00 ] 127.0.0.1 /weread/index.php/Index/register/error/your.html
INFO: [ app_init ] --START--
INFO: Run Behavior\BuildLiteBehavior [ RunTime:0.000018s ]
INFO: [ app_init ] --END-- [ RunTime:0.000131s ]
ERR: 无法加载模块:Index

[ 2015-06-17T00:44:35+08:00 ] 127.0.0.1 /weread/index.php/Index/register/error/woya.html
INFO: [ app_init ] --START--
INFO: Run Behavior\BuildLiteBehavior [ RunTime:0.000014s ]
INFO: [ app_init ] --END-- [ RunTime:0.000110s ]
ERR: 无法加载模块:Index

